
> loan-management-system-backend@1.0.0 dev
> nodemon server.js

[33m[nodemon] 3.1.10[39m
[33m[nodemon] to restart at any time, enter `rs`[39m
[33m[nodemon] watching path(s): *.*[39m
[33m[nodemon] watching extensions: js,mjs,cjs,json[39m
[32m[nodemon] starting `node server.js`[39m
Connected to MongoDB
Server running on port 5001
::1 - - [29/Aug/2025:03:48:09 +0000] "GET /api/auth/profile HTTP/1.1" 304 - "http://localhost:8080/" "Mozilla/5.0 (Macintosh; Intel Mac OS X 10_15_7) AppleWebKit/605.1.15 (KHTML, like Gecko) Version/18.5 Safari/605.1.15"
::1 - - [29/Aug/2025:03:48:09 +0000] "GET /api/payments?limit=100 HTTP/1.1" 304 - "http://localhost:8080/" "Mozilla/5.0 (Macintosh; Intel Mac OS X 10_15_7) AppleWebKit/605.1.15 (KHTML, like Gecko) Version/18.5 Safari/605.1.15"
Loan fetch error: CastError: Cast to ObjectId failed for value "GL475419" (type string) at path "_id" for model "Loan"
    at ObjectId.cast (/Users/dheeru/Documents/loanproject/backend/node_modules/mongoose/lib/schema/objectid.js:250:11)
    at SchemaType.applySetters (/Users/dheeru/Documents/loanproject/backend/node_modules/mongoose/lib/schematype.js:1219:12)
    at SchemaType.castForQuery (/Users/dheeru/Documents/loanproject/backend/node_modules/mongoose/lib/schematype.js:1633:15)
    at cast (/Users/dheeru/Documents/loanproject/backend/node_modules/mongoose/lib/cast.js:389:32)
    at Query.cast (/Users/dheeru/Documents/loanproject/backend/node_modules/mongoose/lib/query.js:4927:12)
    at Query._castConditions (/Users/dheeru/Documents/loanproject/backend/node_modules/mongoose/lib/query.js:2237:10)
    at model.Query._findOne (/Users/dheeru/Documents/loanproject/backend/node_modules/mongoose/lib/query.js:2533:8)
    at model.Query.exec (/Users/dheeru/Documents/loanproject/backend/node_modules/mongoose/lib/query.js:4447:28)
    at process.processTicksAndRejections (node:internal/process/task_queues:105:5)
    at async /Users/dheeru/Documents/loanproject/backend/routes/loans.js:199:18 {
  stringValue: '"GL475419"',
  messageFormat: undefined,
  kind: 'ObjectId',
  value: 'GL475419',
  path: '_id',
  reason: BSONError: Argument passed in must be a string of 12 bytes or a string of 24 hex characters or an integer
      at new ObjectId (/Users/dheeru/Documents/loanproject/backend/node_modules/bson/lib/bson.cjs:2055:23)
      at castObjectId (/Users/dheeru/Documents/loanproject/backend/node_modules/mongoose/lib/cast/objectid.js:25:12)
      at ObjectId.cast (/Users/dheeru/Documents/loanproject/backend/node_modules/mongoose/lib/schema/objectid.js:248:12)
      at SchemaType.applySetters (/Users/dheeru/Documents/loanproject/backend/node_modules/mongoose/lib/schematype.js:1219:12)
      at SchemaType.castForQuery (/Users/dheeru/Documents/loanproject/backend/node_modules/mongoose/lib/schematype.js:1633:15)
      at cast (/Users/dheeru/Documents/loanproject/backend/node_modules/mongoose/lib/cast.js:389:32)
      at Query.cast (/Users/dheeru/Documents/loanproject/backend/node_modules/mongoose/lib/query.js:4927:12)
      at Query._castConditions (/Users/dheeru/Documents/loanproject/backend/node_modules/mongoose/lib/query.js:2237:10)
      at model.Query._findOne (/Users/dheeru/Documents/loanproject/backend/node_modules/mongoose/lib/query.js:2533:8)
      at model.Query.exec (/Users/dheeru/Documents/loanproject/backend/node_modules/mongoose/lib/query.js:4447:28),
  valueType: 'string',
  model: Model { Loan }
}
::1 - - [29/Aug/2025:03:48:12 +0000] "GET /api/loans/GL475419 HTTP/1.1" 500 139 "http://localhost:8080/" "Mozilla/5.0 (Macintosh; Intel Mac OS X 10_15_7) AppleWebKit/605.1.15 (KHTML, like Gecko) Version/18.5 Safari/605.1.15"
Loan fetch error: CastError: Cast to ObjectId failed for value "GL935981" (type string) at path "_id" for model "Loan"
    at ObjectId.cast (/Users/dheeru/Documents/loanproject/backend/node_modules/mongoose/lib/schema/objectid.js:250:11)
    at SchemaType.applySetters (/Users/dheeru/Documents/loanproject/backend/node_modules/mongoose/lib/schematype.js:1219:12)
    at SchemaType.castForQuery (/Users/dheeru/Documents/loanproject/backend/node_modules/mongoose/lib/schematype.js:1633:15)
    at cast (/Users/dheeru/Documents/loanproject/backend/node_modules/mongoose/lib/cast.js:389:32)
    at Query.cast (/Users/dheeru/Documents/loanproject/backend/node_modules/mongoose/lib/query.js:4927:12)
    at Query._castConditions (/Users/dheeru/Documents/loanproject/backend/node_modules/mongoose/lib/query.js:2237:10)
    at model.Query._findOne (/Users/dheeru/Documents/loanproject/backend/node_modules/mongoose/lib/query.js:2533:8)
    at model.Query.exec (/Users/dheeru/Documents/loanproject/backend/node_modules/mongoose/lib/query.js:4447:28)
    at process.processTicksAndRejections (node:internal/process/task_queues:105:5)
    at async /Users/dheeru/Documents/loanproject/backend/routes/loans.js:199:18 {
  stringValue: '"GL935981"',
  messageFormat: undefined,
  kind: 'ObjectId',
  value: 'GL935981',
  path: '_id',
  reason: BSONError: Argument passed in must be a string of 12 bytes or a string of 24 hex characters or an integer
      at new ObjectId (/Users/dheeru/Documents/loanproject/backend/node_modules/bson/lib/bson.cjs:2055:23)
      at castObjectId (/Users/dheeru/Documents/loanproject/backend/node_modules/mongoose/lib/cast/objectid.js:25:12)
      at ObjectId.cast (/Users/dheeru/Documents/loanproject/backend/node_modules/mongoose/lib/schema/objectid.js:248:12)
      at SchemaType.applySetters (/Users/dheeru/Documents/loanproject/backend/node_modules/mongoose/lib/schematype.js:1219:12)
      at SchemaType.castForQuery (/Users/dheeru/Documents/loanproject/backend/node_modules/mongoose/lib/schematype.js:1633:15)
      at cast (/Users/dheeru/Documents/loanproject/backend/node_modules/mongoose/lib/cast.js:389:32)
      at Query.cast (/Users/dheeru/Documents/loanproject/backend/node_modules/mongoose/lib/query.js:4927:12)
      at Query._castConditions (/Users/dheeru/Documents/loanproject/backend/node_modules/mongoose/lib/query.js:2237:10)
      at model.Query._findOne (/Users/dheeru/Documents/loanproject/backend/node_modules/mongoose/lib/query.js:2533:8)
      at model.Query.exec (/Users/dheeru/Documents/loanproject/backend/node_modules/mongoose/lib/query.js:4447:28),
  valueType: 'string',
  model: Model { Loan }
}
::1 - - [29/Aug/2025:03:48:14 +0000] "GET /api/loans/GL935981 HTTP/1.1" 500 139 "http://localhost:8080/" "Mozilla/5.0 (Macintosh; Intel Mac OS X 10_15_7) AppleWebKit/605.1.15 (KHTML, like Gecko) Version/18.5 Safari/605.1.15"
::1 - - [29/Aug/2025:03:48:35 +0000] "GET /api/loans?limit=10 HTTP/1.1" 304 - "http://localhost:8080/" "Mozilla/5.0 (Macintosh; Intel Mac OS X 10_15_7) AppleWebKit/605.1.15 (KHTML, like Gecko) Version/18.5 Safari/605.1.15"
::1 - - [29/Aug/2025:03:48:35 +0000] "GET /api/payments/summary HTTP/1.1" 304 - "http://localhost:8080/" "Mozilla/5.0 (Macintosh; Intel Mac OS X 10_15_7) AppleWebKit/605.1.15 (KHTML, like Gecko) Version/18.5 Safari/605.1.15"
